2026-01-11T09:16:03: ▲ Next.js 16.1.1
2026-01-11T09:16:03: - Local:         http://localhost:3009
2026-01-11T09:16:03: - Network:       http://192.168.4.27:3009
2026-01-11T09:16:03: 
2026-01-11T09:16:03: ✓ Starting...
2026-01-11T09:16:04: ✓ Ready in 677ms
2026-01-11T10:10:42: ▲ Next.js 16.1.1
2026-01-11T10:10:42: - Local:         http://localhost:3009
2026-01-11T10:10:42: - Network:       http://192.168.4.27:3009
2026-01-11T10:10:42: 
2026-01-11T10:10:42: ✓ Starting...
2026-01-11T10:10:43: ✓ Ready in 735ms
2026-01-11T10:30:38: ▲ Next.js 16.1.1
2026-01-11T10:30:38: - Local:         http://localhost:3009
2026-01-11T10:30:38: - Network:       http://192.168.4.27:3009
2026-01-11T10:30:38: 
2026-01-11T10:30:38: ✓ Starting...
2026-01-11T10:30:38: ✓ Ready in 689ms
2026-01-11T10:42:11: ▲ Next.js 16.1.1
2026-01-11T10:42:11: - Local:         http://localhost:3009
2026-01-11T10:42:11: - Network:       http://192.168.4.27:3009
2026-01-11T10:42:11: 
2026-01-11T10:42:11: ✓ Starting...
2026-01-11T10:42:12: ✓ Ready in 674ms
2026-01-11T10:52:16: ▲ Next.js 16.1.1
2026-01-11T10:52:16: - Local:         http://localhost:3009
2026-01-11T10:52:16: - Network:       http://192.168.4.27:3009
2026-01-11T10:52:16: 
2026-01-11T10:52:16: ✓ Starting...
2026-01-11T10:52:17: ✓ Ready in 684ms
2026-01-11T10:53:32: ▲ Next.js 16.1.1
2026-01-11T10:53:32: - Local:         http://localhost:3009
2026-01-11T10:53:32: - Network:       http://192.168.4.27:3009
2026-01-11T10:53:32: 
2026-01-11T10:53:32: ✓ Starting...
2026-01-11T10:53:32: ✓ Ready in 644ms
2026-01-11T10:57:29: ▲ Next.js 16.1.1
2026-01-11T10:57:29: - Local:         http://localhost:3009
2026-01-11T10:57:29: - Network:       http://192.168.4.27:3009
2026-01-11T10:57:29: 
2026-01-11T10:57:29: ✓ Starting...
2026-01-11T10:57:29: ✓ Ready in 633ms
2026-01-11T11:36:12: ▲ Next.js 16.1.1
2026-01-11T11:36:12: - Local:         http://localhost:3009
2026-01-11T11:36:12: - Network:       http://192.168.4.27:3009
2026-01-11T11:36:12: 
2026-01-11T11:36:12: ✓ Starting...
2026-01-11T11:36:12: ✓ Ready in 629ms
2026-01-11T11:36:50: ▲ Next.js 16.1.1
2026-01-11T11:36:50: - Local:         http://localhost:3009
2026-01-11T11:36:50: - Network:       http://192.168.4.27:3009
2026-01-11T11:36:50: 
2026-01-11T11:36:50: ✓ Starting...
2026-01-11T11:36:51: ✓ Ready in 615ms
2026-01-11T11:41:07: ▲ Next.js 16.1.1
2026-01-11T11:41:07: - Local:         http://localhost:3009
2026-01-11T11:41:07: - Network:       http://192.168.4.27:3009
2026-01-11T11:41:07: 
2026-01-11T11:41:07: ✓ Starting...
2026-01-11T11:41:07: ✓ Ready in 689ms
